<?xml version="1.0" encoding="UTF-8"?>
<testsuite name="com.ge.predix.solsvc.bootstrap.ams.factories.cf.AssetFactoryCFIT" time="1.591" tests="1" errors="1" skipped="0" failures="0">
  <properties>
    <property name="java.runtime.name" value="Java(TM) SE Runtime Environment"/>
    <property name="sun.boot.library.path" value="C:\Program Files\Java\jdk1.8.0_74\jre\bin"/>
    <property name="java.vm.version" value="25.74-b02"/>
    <property name="java.vm.vendor" value="Oracle Corporation"/>
    <property name="maven.multiModuleProjectDirectory" value="D:\Anoop\Work\GitRepos\InfyIoTDash_RefApp\asset-bootstrap"/>
    <property name="java.vendor.url" value="http://java.oracle.com/"/>
    <property name="path.separator" value=";"/>
    <property name="guice.disable.misplaced.annotation.check" value="true"/>
    <property name="java.vm.name" value="Java HotSpot(TM) 64-Bit Server VM"/>
    <property name="file.encoding.pkg" value="sun.io"/>
    <property name="user.script" value=""/>
    <property name="user.country" value="US"/>
    <property name="sun.java.launcher" value="SUN_STANDARD"/>
    <property name="sun.os.patch.level" value=""/>
    <property name="java.vm.specification.name" value="Java Virtual Machine Specification"/>
    <property name="user.dir" value="D:\Anoop\Work\GitRepos\InfyIoTDash_RefApp\asset-bootstrap"/>
    <property name="java.runtime.version" value="1.8.0_74-b02"/>
    <property name="java.awt.graphicsenv" value="sun.awt.Win32GraphicsEnvironment"/>
    <property name="java.endorsed.dirs" value="C:\Program Files\Java\jdk1.8.0_74\jre\lib\endorsed"/>
    <property name="os.arch" value="amd64"/>
    <property name="java.io.tmpdir" value="C:\Users\anoop_sundaresh\AppData\Local\Temp\"/>
    <property name="line.separator" value="&#10;"/>
    <property name="java.vm.specification.vendor" value="Oracle Corporation"/>
    <property name="user.variant" value=""/>
    <property name="os.name" value="Windows 8.1"/>
    <property name="classworlds.conf" value="C:\Program Files\Apache\maven\apache-maven-3.3.9\bin\m2.conf"/>
    <property name="sun.jnu.encoding" value="Cp1252"/>
    <property name="java.library.path" value="C:\Program Files\Java\jdk1.8.0_74\bin;C:\windows\Sun\Java\bin;C:\windows\system32;C:\windows;C:\ProgramData\Oracle\Java\javapath;C:\windows\system32;C:\windows;C:\windows\System32\Wbem;C:\windows\System32\WindowsPowerShell\v1.0\;C:\Program Files (x86)\Windows Kits\8.1\Windows Performance Toolkit\;C:\Program Files\Microsoft SQL Server\110\Tools\Binn\;C:\Program Files\nodejs\;C:\Program Files (x86)\CloudFoundry;C:\Program Files (x86)\Git\cmd;C:\Program Files (x86)\IVI Foundation\IVI\bin;C:\Program Files\IVI Foundation\IVI\bin;C:\Program Files (x86)\IVI Foundation\VISA\WinNT\Bin\;C:\Program Files\IVI Foundation\VISA\Win64\Bin\;C:\Program Files (x86)\IVI Foundation\VISA\WinNT\Bin;C:\Users\anoop_sundaresh\AppData\Roaming\npm;C:\Users\anoop_sundaresh\AppData\Local\atom\bin;C:\python34;C:\Program Files\Apache\maven\apache-maven-3.3.9\bin;."/>
    <property name="java.specification.name" value="Java Platform API Specification"/>
    <property name="java.class.version" value="52.0"/>
    <property name="sun.management.compiler" value="HotSpot 64-Bit Tiered Compilers"/>
    <property name="os.version" value="6.3"/>
    <property name="user.home" value="C:\Users\anoop_sundaresh"/>
    <property name="user.timezone" value="Asia/Calcutta"/>
    <property name="java.awt.printerjob" value="sun.awt.windows.WPrinterJob"/>
    <property name="java.specification.version" value="1.8"/>
    <property name="file.encoding" value="Cp1252"/>
    <property name="user.name" value="anoop_sundaresh"/>
    <property name="java.class.path" value="C:\Program Files\Apache\maven\apache-maven-3.3.9\boot\plexus-classworlds-2.5.2.jar"/>
    <property name="java.vm.specification.version" value="1.8"/>
    <property name="sun.arch.data.model" value="64"/>
    <property name="java.home" value="C:\Program Files\Java\jdk1.8.0_74\jre"/>
    <property name="sun.java.command" value="org.codehaus.plexus.classworlds.launcher.Launcher install"/>
    <property name="java.specification.vendor" value="Oracle Corporation"/>
    <property name="user.language" value="en"/>
    <property name="awt.toolkit" value="sun.awt.windows.WToolkit"/>
    <property name="java.vm.info" value="mixed mode"/>
    <property name="java.version" value="1.8.0_74"/>
    <property name="java.ext.dirs" value="C:\Program Files\Java\jdk1.8.0_74\jre\lib\ext;C:\windows\Sun\Java\lib\ext"/>
    <property name="sun.boot.class.path" value="C:\Program Files\Java\jdk1.8.0_74\jre\lib\resources.jar;C:\Program Files\Java\jdk1.8.0_74\jre\lib\rt.jar;C:\Program Files\Java\jdk1.8.0_74\jre\lib\sunrsasign.jar;C:\Program Files\Java\jdk1.8.0_74\jre\lib\jsse.jar;C:\Program Files\Java\jdk1.8.0_74\jre\lib\jce.jar;C:\Program Files\Java\jdk1.8.0_74\jre\lib\charsets.jar;C:\Program Files\Java\jdk1.8.0_74\jre\lib\jfr.jar;C:\Program Files\Java\jdk1.8.0_74\jre\classes"/>
    <property name="sun.stderr.encoding" value="cp437"/>
    <property name="java.vendor" value="Oracle Corporation"/>
    <property name="maven.home" value="C:\Program Files\Apache\maven\apache-maven-3.3.9"/>
    <property name="file.separator" value="\"/>
    <property name="java.vendor.url.bug" value="http://bugreport.sun.com/bugreport/"/>
    <property name="sun.cpu.endian" value="little"/>
    <property name="sun.io.unicode.encoding" value="UnicodeLittle"/>
    <property name="sun.stdout.encoding" value="cp437"/>
    <property name="sun.desktop" value="windows"/>
    <property name="sun.cpu.isalist" value="amd64"/>
  </properties>
  <testcase name="testAssetCRUDOperations" classname="com.ge.predix.solsvc.bootstrap.ams.factories.cf.AssetFactoryCFIT" time="1.591">
    <error message="unable to call url=https://put.your.uaa.uri.here/oauth/token" type="java.lang.RuntimeException">java.lang.RuntimeException: unable to call url=https://put.your.uaa.uri.here/oauth/token
	at java.net.DualStackPlainSocketImpl.connect0(Native Method)
	at java.net.DualStackPlainSocketImpl.socketConnect(DualStackPlainSocketImpl.java:79)
	at java.net.AbstractPlainSocketImpl.doConnect(AbstractPlainSocketImpl.java:350)
	at java.net.AbstractPlainSocketImpl.connectToAddress(AbstractPlainSocketImpl.java:206)
	at java.net.AbstractPlainSocketImpl.connect(AbstractPlainSocketImpl.java:188)
	at java.net.PlainSocketImpl.connect(PlainSocketImpl.java:172)
	at java.net.SocksSocketImpl.connect(SocksSocketImpl.java:392)
	at java.net.Socket.connect(Socket.java:589)
	at org.apache.http.conn.ssl.SSLConnectionSocketFactory.connectSocket(SSLConnectionSocketFactory.java:244)
	at org.apache.http.impl.conn.HttpClientConnectionOperator.connect(HttpClientConnectionOperator.java:125)
	at org.apache.http.impl.conn.PoolingHttpClientConnectionManager.connect(PoolingHttpClientConnectionManager.java:319)
	at org.apache.http.impl.execchain.MainClientExec.establishRoute(MainClientExec.java:363)
	at org.apache.http.impl.execchain.MainClientExec.execute(MainClientExec.java:219)
	at org.apache.http.impl.execchain.ProtocolExec.execute(ProtocolExec.java:195)
	at org.apache.http.impl.execchain.RetryExec.execute(RetryExec.java:86)
	at org.apache.http.impl.execchain.RedirectExec.execute(RedirectExec.java:108)
	at org.apache.http.impl.client.InternalHttpClient.doExecute(InternalHttpClient.java:184)
	at org.apache.http.impl.client.CloseableHttpClient.execute(CloseableHttpClient.java:82)
	at org.apache.http.impl.client.CloseableHttpClient.execute(CloseableHttpClient.java:106)
	at com.ge.predix.solsvc.restclient.impl.RestClientImpl.performGet(RestClientImpl.java:369)
	at com.ge.predix.solsvc.restclient.impl.RestClientImpl.requestToken(RestClientImpl.java:308)
	at com.ge.predix.solsvc.restclient.impl.RestClientImpl.requestToken(RestClientImpl.java:154)
	at com.ge.predix.solsvc.restclient.impl.RestClientImpl.addSecureTokenForHeaders(RestClientImpl.java:638)
	at com.ge.predix.solsvc.restclient.impl.RestClientImpl.getSecureTokenForClientId(RestClientImpl.java:116)
	at com.ge.predix.solsvc.bootstrap.ams.factories.cf.AssetFactoryCFIT.testAssetCRUDOperations(AssetFactoryCFIT.java:75)
</error>
    <system-out><![CDATA[12:12:10.369 [main] INFO  c.g.p.s.b.ams.common.AssetRestConfig - Asset InstanceId property is   vcap.services.predixAsset.credentials.instanceId
12:12:10.376 [main] INFO  c.g.p.s.b.ams.common.AssetRestConfig - Asset InstanceId from environment is  null
12:12:10.378 [main] INFO  c.g.p.s.b.ams.common.AssetRestConfig - Asset Url property is   vcap.services.predixAsset.credentials.uri
12:12:10.379 [main] INFO  c.g.p.s.b.ams.common.AssetRestConfig - Asset Url from environment is  null
12:13:48.155 [main] DEBUG c.g.p.s.b.ams.common.AssetRestConfig - Asset Url is https://put.your.asset.service.instance.name.hostname.here:9093
12:13:48.295 [main] DEBUG c.g.p.s.r.impl.RestClientImpl - predix.oauth.clientId=put.your.clientId
12:13:48.295 [main] DEBUG c.g.p.s.r.impl.RestClientImpl - headers=[Content-Type: application/x-www-form-urlencoded, Authorization: Basic cHV0LnlvdXIuY2xpZW50SWQ6cHV0LnlvdXIuY2xpZW50U2VjcmV0, Pragma: no-cache]
12:13:48.295 [main] DEBUG c.g.p.s.r.impl.RestClientImpl - oauthResource=/oauth/token
12:13:48.295 [main] DEBUG c.g.p.s.r.impl.RestClientImpl - oauthHost=put.your.uaa.uri.here
12:13:48.295 [main] DEBUG c.g.p.s.r.impl.RestClientImpl - oauthPort=80
12:13:48.295 [main] DEBUG c.g.p.s.r.impl.RestClientImpl - oauthGrantType=client_credentials
12:13:48.295 [main] DEBUG c.g.p.s.r.impl.RestClientImpl - proxyHost=
12:13:48.295 [main] DEBUG c.g.p.s.r.impl.RestClientImpl - proxyPort=
12:13:48.295 [main] DEBUG c.g.p.s.r.impl.RestClientImpl - userName=null
12:13:48.295 [main] DEBUG c.g.p.s.r.impl.RestClientImpl - encodePassword=false
12:13:48.351 [main] DEBUG c.g.p.s.r.impl.RestClientImpl - tokenUrl=https://put.your.uaa.uri.here/oauth/token queryParams=grant_type=client_credentials
12:13:49.808 [main] DEBUG c.g.p.s.r.impl.RestClientImpl - poolManager.getTotalStats().getMax()10
12:13:49.808 [main] DEBUG c.g.p.s.r.impl.RestClientImpl - poolManager.getTotalStats().getLeased()0
12:13:49.823 [main] ERROR c.g.p.s.b.ams.common.BaseFactoryIT - 
java.lang.RuntimeException: unable to call url=https://put.your.uaa.uri.here/oauth/token
	at com.ge.predix.solsvc.restclient.impl.RestClientImpl.requestToken(RestClientImpl.java:320) ~[predix-rest-client-1.2.0.jar:na]
	at com.ge.predix.solsvc.restclient.impl.RestClientImpl.requestToken(RestClientImpl.java:154) ~[predix-rest-client-1.2.0.jar:na]
	at com.ge.predix.solsvc.restclient.impl.RestClientImpl.addSecureTokenForHeaders(RestClientImpl.java:638) ~[predix-rest-client-1.2.0.jar:na]
	at com.ge.predix.solsvc.restclient.impl.RestClientImpl.getSecureTokenForClientId(RestClientImpl.java:116) ~[predix-rest-client-1.2.0.jar:na]
	at com.ge.predix.solsvc.bootstrap.ams.factories.cf.AssetFactoryCFIT.testAssetCRUDOperations(AssetFactoryCFIT.java:75) ~[test-classes/:na]
	at sun.reflect.NativeMethodAccessorImpl.invoke0(Native Method) ~[na:1.8.0_74]
	at sun.reflect.NativeMethodAccessorImpl.invoke(NativeMethodAccessorImpl.java:62) ~[na:1.8.0_74]
	at sun.reflect.DelegatingMethodAccessorImpl.invoke(DelegatingMethodAccessorImpl.java:43) ~[na:1.8.0_74]
	at java.lang.reflect.Method.invoke(Method.java:498) ~[na:1.8.0_74]
	at org.junit.runners.model.FrameworkMethod$1.runReflectiveCall(FrameworkMethod.java:50) [junit-4.12.jar:4.12]
	at org.junit.internal.runners.model.ReflectiveCallable.run(ReflectiveCallable.java:12) [junit-4.12.jar:4.12]
	at org.junit.runners.model.FrameworkMethod.invokeExplosively(FrameworkMethod.java:47) [junit-4.12.jar:4.12]
	at org.junit.internal.runners.statements.InvokeMethod.evaluate(InvokeMethod.java:17) [junit-4.12.jar:4.12]
	at org.springframework.test.context.junit4.statements.RunBeforeTestMethodCallbacks.evaluate(RunBeforeTestMethodCallbacks.java:73) [spring-test-4.1.6.RELEASE.jar:4.1.6.RELEASE]
	at org.springframework.test.context.junit4.statements.RunAfterTestMethodCallbacks.evaluate(RunAfterTestMethodCallbacks.java:82) [spring-test-4.1.6.RELEASE.jar:4.1.6.RELEASE]
	at org.springframework.test.context.junit4.statements.SpringRepeat.evaluate(SpringRepeat.java:73) [spring-test-4.1.6.RELEASE.jar:4.1.6.RELEASE]
	at org.junit.runners.ParentRunner.runLeaf(ParentRunner.java:325) [junit-4.12.jar:4.12]
	at org.springframework.test.context.junit4.SpringJUnit4ClassRunner.runChild(SpringJUnit4ClassRunner.java:224) [spring-test-4.1.6.RELEASE.jar:4.1.6.RELEASE]
	at org.springframework.test.context.junit4.SpringJUnit4ClassRunner.runChild(SpringJUnit4ClassRunner.java:83) [spring-test-4.1.6.RELEASE.jar:4.1.6.RELEASE]
	at org.junit.runners.ParentRunner$3.run(ParentRunner.java:290) [junit-4.12.jar:4.12]
	at org.junit.runners.ParentRunner$1.schedule(ParentRunner.java:71) [junit-4.12.jar:4.12]
	at org.junit.runners.ParentRunner.runChildren(ParentRunner.java:288) [junit-4.12.jar:4.12]
	at org.junit.runners.ParentRunner.access$000(ParentRunner.java:58) [junit-4.12.jar:4.12]
	at org.junit.runners.ParentRunner$2.evaluate(ParentRunner.java:268) [junit-4.12.jar:4.12]
	at org.springframework.test.context.junit4.statements.RunBeforeTestClassCallbacks.evaluate(RunBeforeTestClassCallbacks.java:61) [spring-test-4.1.6.RELEASE.jar:4.1.6.RELEASE]
	at org.springframework.test.context.junit4.statements.RunAfterTestClassCallbacks.evaluate(RunAfterTestClassCallbacks.java:68) [spring-test-4.1.6.RELEASE.jar:4.1.6.RELEASE]
	at org.junit.runners.ParentRunner.run(ParentRunner.java:363) [junit-4.12.jar:4.12]
	at org.springframework.test.context.junit4.SpringJUnit4ClassRunner.run(SpringJUnit4ClassRunner.java:163) [spring-test-4.1.6.RELEASE.jar:4.1.6.RELEASE]
	at org.apache.maven.surefire.junit4.JUnit4Provider.execute(JUnit4Provider.java:264) [surefire-junit4-2.17.jar:2.17]
	at org.apache.maven.surefire.junit4.JUnit4Provider.executeTestSet(JUnit4Provider.java:153) [surefire-junit4-2.17.jar:2.17]
	at org.apache.maven.surefire.junit4.JUnit4Provider.invoke(JUnit4Provider.java:124) [surefire-junit4-2.17.jar:2.17]
	at org.apache.maven.surefire.booter.ForkedBooter.invokeProviderInSameClassLoader(ForkedBooter.java:200) [surefire-booter-2.17.jar:2.17]
	at org.apache.maven.surefire.booter.ForkedBooter.runSuitesInProcess(ForkedBooter.java:153) [surefire-booter-2.17.jar:2.17]
	at org.apache.maven.surefire.booter.ForkedBooter.main(ForkedBooter.java:103) [surefire-booter-2.17.jar:2.17]
Caused by: org.apache.http.conn.HttpHostConnectException: Connect to put.your.uaa.uri.here:443 [put.your.uaa.uri.here/127.0.53.53] failed: Connection refused: connect
	at org.apache.http.impl.conn.HttpClientConnectionOperator.connect(HttpClientConnectionOperator.java:142) ~[httpclient-4.3.6.jar:4.3.6]
	at org.apache.http.impl.conn.PoolingHttpClientConnectionManager.connect(PoolingHttpClientConnectionManager.java:319) ~[httpclient-4.3.6.jar:4.3.6]
	at org.apache.http.impl.execchain.MainClientExec.establishRoute(MainClientExec.java:363) ~[httpclient-4.3.6.jar:4.3.6]
	at org.apache.http.impl.execchain.MainClientExec.execute(MainClientExec.java:219) ~[httpclient-4.3.6.jar:4.3.6]
	at org.apache.http.impl.execchain.ProtocolExec.execute(ProtocolExec.java:195) ~[httpclient-4.3.6.jar:4.3.6]
	at org.apache.http.impl.execchain.RetryExec.execute(RetryExec.java:86) ~[httpclient-4.3.6.jar:4.3.6]
	at org.apache.http.impl.execchain.RedirectExec.execute(RedirectExec.java:108) ~[httpclient-4.3.6.jar:4.3.6]
	at org.apache.http.impl.client.InternalHttpClient.doExecute(InternalHttpClient.java:184) ~[httpclient-4.3.6.jar:4.3.6]
	at org.apache.http.impl.client.CloseableHttpClient.execute(CloseableHttpClient.java:82) ~[httpclient-4.3.6.jar:4.3.6]
	at org.apache.http.impl.client.CloseableHttpClient.execute(CloseableHttpClient.java:106) ~[httpclient-4.3.6.jar:4.3.6]
	at com.ge.predix.solsvc.restclient.impl.RestClientImpl.performGet(RestClientImpl.java:369) ~[predix-rest-client-1.2.0.jar:na]
	at com.ge.predix.solsvc.restclient.impl.RestClientImpl.requestToken(RestClientImpl.java:308) ~[predix-rest-client-1.2.0.jar:na]
	... 33 common frames omitted
Caused by: java.net.ConnectException: Connection refused: connect
	at java.net.DualStackPlainSocketImpl.connect0(Native Method) ~[na:1.8.0_74]
	at java.net.DualStackPlainSocketImpl.socketConnect(DualStackPlainSocketImpl.java:79) ~[na:1.8.0_74]
	at java.net.AbstractPlainSocketImpl.doConnect(AbstractPlainSocketImpl.java:350) ~[na:1.8.0_74]
	at java.net.AbstractPlainSocketImpl.connectToAddress(AbstractPlainSocketImpl.java:206) ~[na:1.8.0_74]
	at java.net.AbstractPlainSocketImpl.connect(AbstractPlainSocketImpl.java:188) ~[na:1.8.0_74]
	at java.net.PlainSocketImpl.connect(PlainSocketImpl.java:172) ~[na:1.8.0_74]
	at java.net.SocksSocketImpl.connect(SocksSocketImpl.java:392) ~[na:1.8.0_74]
	at java.net.Socket.connect(Socket.java:589) ~[na:1.8.0_74]
	at org.apache.http.conn.ssl.SSLConnectionSocketFactory.connectSocket(SSLConnectionSocketFactory.java:244) ~[httpclient-4.3.6.jar:4.3.6]
	at org.apache.http.impl.conn.HttpClientConnectionOperator.connect(HttpClientConnectionOperator.java:125) ~[httpclient-4.3.6.jar:4.3.6]
	... 44 common frames omitted
]]></system-out>
    <system-err><![CDATA[Mar 22, 2016 12:12:08 PM org.springframework.test.context.support.AbstractTestContextBootstrapper getDefaultTestExecutionListenerClassNames
INFO: Loaded default TestExecutionListener class names from location [META-INF/spring.factories]: [org.springframework.test.context.web.ServletTestExecutionListener, org.springframework.test.context.support.DependencyInjectionTestExecutionListener, org.springframework.test.context.support.DirtiesContextTestExecutionListener, org.springframework.test.context.transaction.TransactionalTestExecutionListener, org.springframework.test.context.jdbc.SqlScriptsTestExecutionListener]
Mar 22, 2016 12:12:08 PM org.springframework.test.context.support.AbstractTestContextBootstrapper instantiateListeners
INFO: Could not instantiate TestExecutionListener [org.springframework.test.context.transaction.TransactionalTestExecutionListener]. Specify custom listener classes or make the default listener classes (and their required dependencies) available. Offending class: [org/springframework/transaction/interceptor/TransactionAttributeSource]
Mar 22, 2016 12:12:08 PM org.springframework.test.context.support.AbstractTestContextBootstrapper instantiateListeners
INFO: Could not instantiate TestExecutionListener [org.springframework.test.context.web.ServletTestExecutionListener]. Specify custom listener classes or make the default listener classes (and their required dependencies) available. Offending class: [javax/servlet/ServletContext]
Mar 22, 2016 12:12:08 PM org.springframework.test.context.support.AbstractTestContextBootstrapper instantiateListeners
INFO: Could not instantiate TestExecutionListener [org.springframework.test.context.jdbc.SqlScriptsTestExecutionListener]. Specify custom listener classes or make the default listener classes (and their required dependencies) available. Offending class: [org/springframework/transaction/interceptor/TransactionAttribute]
Mar 22, 2016 12:12:08 PM org.springframework.test.context.support.AbstractTestContextBootstrapper getTestExecutionListeners
INFO: Using TestExecutionListeners: [org.springframework.test.context.support.DependencyInjectionTestExecutionListener@7f9a81e8, org.springframework.test.context.support.DirtiesContextTestExecutionListener@9629756]
Mar 22, 2016 12:12:09 PM org.springframework.beans.factory.xml.XmlBeanDefinitionReader loadBeanDefinitions
INFO: Loading XML bean definitions from URL [jar:file:/C:/Users/anoop_sundaresh/.m2/repository/com/ge/predix/solsvc/ext-util/1.7.0/ext-util-1.7.0.jar!/META-INF/spring/ext-util-scan-context.xml]
Mar 22, 2016 12:12:09 PM org.springframework.beans.factory.xml.XmlBeanDefinitionReader loadBeanDefinitions
INFO: Loading XML bean definitions from URL [file:/D:/Anoop/Work/GitRepos/InfyIoTDash_RefApp/asset-bootstrap/target/classes/META-INF/spring/asset-bootstrap-client-scan-context.xml]
Mar 22, 2016 12:12:09 PM org.springframework.beans.factory.xml.XmlBeanDefinitionReader loadBeanDefinitions
INFO: Loading XML bean definitions from URL [jar:file:/C:/Users/anoop_sundaresh/.m2/repository/com/ge/predix/solsvc/predix-rest-client/1.2.0/predix-rest-client-1.2.0.jar!/META-INF/spring/predix-rest-client-scan-context.xml]
Mar 22, 2016 12:12:09 PM org.springframework.beans.factory.xml.XmlBeanDefinitionReader loadBeanDefinitions
INFO: Loading XML bean definitions from URL [jar:file:/C:/Users/anoop_sundaresh/.m2/repository/com/ge/predix/solsvc/predix-rest-client/1.2.0/predix-rest-client-1.2.0.jar!/META-INF/spring/predix-rest-client-sb-properties-context.xml]
Mar 22, 2016 12:12:09 PM org.springframework.context.support.AbstractApplicationContext prepareRefresh
INFO: Refreshing org.springframework.context.support.GenericApplicationContext@480bdb19: startup date [Tue Mar 22 12:12:09 IST 2016]; root of context hierarchy
Mar 22, 2016 12:12:09 PM org.springframework.core.io.support.PropertiesLoaderSupport loadProperties
INFO: Loading properties file from class path resource [application-default.properties]
Mar 22, 2016 12:12:09 PM org.springframework.core.io.support.PropertiesLoaderSupport loadProperties
INFO: Loading properties file from class path resource [application.properties]
Mar 22, 2016 12:12:09 PM org.springframework.core.io.support.PropertiesLoaderSupport loadProperties
INFO: Loading properties file from URL [file:config/application.properties]
]]></system-err>
  </testcase>
</testsuite>